{"D:\\Netology\\2021\\task-JS4\\Lesson_4\\L4_t1\\index.js": {"path":"D:\\Netology\\2021\\task-JS4\\Lesson_4\\L4_t1\\index.js","statementMap":{"0":{"start":{"line":3,"column":2},"end":{"line":7,"column":26}},"1":{"start":{"line":4,"column":4},"end":{"line":4,"column":20}},"2":{"start":{"line":5,"column":9},"end":{"line":7,"column":26}},"3":{"start":{"line":6,"column":4},"end":{"line":6,"column":18}},"4":{"start":{"line":7,"column":9},"end":{"line":7,"column":26}},"5":{"start":{"line":8,"column":2},"end":{"line":8,"column":15}}},"fnMap":{"0":{"name":"healthColor","decl":{"start":{"line":1,"column":24},"end":{"line":1,"column":35}},"loc":{"start":{"line":1,"column":54},"end":{"line":9,"column":1}},"line":1}},"branchMap":{"0":{"loc":{"start":{"line":3,"column":2},"end":{"line":7,"column":26}},"type":"if","locations":[{"start":{"line":3,"column":2},"end":{"line":7,"column":26}},{"start":{"line":5,"column":9},"end":{"line":7,"column":26}}],"line":3},"1":{"loc":{"start":{"line":5,"column":9},"end":{"line":7,"column":26}},"type":"if","locations":[{"start":{"line":5,"column":9},"end":{"line":7,"column":26}},{"start":{"line":7,"column":9},"end":{"line":7,"column":26}}],"line":5}},"s":{"0":3,"1":1,"2":2,"3":1,"4":1,"5":3},"f":{"0":3},"b":{"0":[1,2],"1":[1,1]},"_coverageSchema":"1a1c01bbd47fc00a2c39e90264f33305004495a9","hash":"2902b002e907f5985093cba6ca0c42aaac3f853a"}
}
